C:\Users\Олег\source\repos\ShortenerApi\ShortenerApi\Shotener-server\dist\out-tsc\e2e\src\app.po.js
C:\Users\Олег\source\repos\ShortenerApi\ShortenerApi\Shotener-server\dist\out-tsc\e2e\src\app.po.js.map
C:\Users\Олег\source\repos\ShortenerApi\ShortenerApi\Shotener-server\dist\out-tsc\e2e\src\app.e2e-spec.js
C:\Users\Олег\source\repos\ShortenerApi\ShortenerApi\Shotener-server\dist\out-tsc\e2e\src\app.e2e-spec.js.map
C:\Users\Олег\source\repos\ShortenerApi\ShortenerApi\Shotener-server\dist\out-tsc\src\app\app.component.js
C:\Users\Олег\source\repos\ShortenerApi\ShortenerApi\Shotener-server\dist\out-tsc\src\app\app.component.js.map
C:\Users\Олег\source\repos\ShortenerApi\ShortenerApi\Shotener-server\dist\out-tsc\src\app\interfaces\Url.js
C:\Users\Олег\source\repos\ShortenerApi\ShortenerApi\Shotener-server\dist\out-tsc\src\app\interfaces\Url.js.map
C:\Users\Олег\source\repos\ShortenerApi\ShortenerApi\Shotener-server\dist\out-tsc\src\app\shortener.service.js
C:\Users\Олег\source\repos\ShortenerApi\ShortenerApi\Shotener-server\dist\out-tsc\src\app\shortener.service.js.map
C:\Users\Олег\source\repos\ShortenerApi\ShortenerApi\Shotener-server\dist\out-tsc\src\app\shortener\shortener.component.js
C:\Users\Олег\source\repos\ShortenerApi\ShortenerApi\Shotener-server\dist\out-tsc\src\app\shortener\shortener.component.js.map
C:\Users\Олег\source\repos\ShortenerApi\ShortenerApi\Shotener-server\dist\out-tsc\src\app\app.module.js
C:\Users\Олег\source\repos\ShortenerApi\ShortenerApi\Shotener-server\dist\out-tsc\src\app\app.module.js.map
C:\Users\Олег\source\repos\ShortenerApi\ShortenerApi\Shotener-server\dist\out-tsc\src\environments\environment.js
C:\Users\Олег\source\repos\ShortenerApi\ShortenerApi\Shotener-server\dist\out-tsc\src\environments\environment.js.map
C:\Users\Олег\source\repos\ShortenerApi\ShortenerApi\Shotener-server\dist\out-tsc\src\main.js
C:\Users\Олег\source\repos\ShortenerApi\ShortenerApi\Shotener-server\dist\out-tsc\src\main.js.map
C:\Users\Олег\source\repos\ShortenerApi\ShortenerApi\Shotener-server\dist\out-tsc\src\polyfills.js
C:\Users\Олег\source\repos\ShortenerApi\ShortenerApi\Shotener-server\dist\out-tsc\src\polyfills.js.map
C:\Users\Олег\source\repos\ShortenerApi\ShortenerApi\Shotener-server\dist\out-tsc\src\test.js
C:\Users\Олег\source\repos\ShortenerApi\ShortenerApi\Shotener-server\dist\out-tsc\src\test.js.map
C:\Users\Олег\source\repos\ShortenerApi\ShortenerApi\Shotener-server\dist\out-tsc\src\app\app.component.spec.js
C:\Users\Олег\source\repos\ShortenerApi\ShortenerApi\Shotener-server\dist\out-tsc\src\app\app.component.spec.js.map
C:\Users\Олег\source\repos\ShortenerApi\ShortenerApi\Shotener-server\dist\out-tsc\src\app\shortener-service.service.spec.js
C:\Users\Олег\source\repos\ShortenerApi\ShortenerApi\Shotener-server\dist\out-tsc\src\app\shortener-service.service.spec.js.map
C:\Users\Олег\source\repos\ShortenerApi\ShortenerApi\Shotener-server\dist\out-tsc\src\app\shortener\shortener.component.spec.js
C:\Users\Олег\source\repos\ShortenerApi\ShortenerApi\Shotener-server\dist\out-tsc\src\app\shortener\shortener.component.spec.js.map
C:\Users\Олег\source\repos\ShortenerApi\ShortenerApi\Shotener-server\dist\out-tsc\src\environments\environment.prod.js
C:\Users\Олег\source\repos\ShortenerApi\ShortenerApi\Shotener-server\dist\out-tsc\src\environments\environment.prod.js.map
